
Jun 20 22:13 [MRK34n.fit[*,1]]: 
    center      cont      flux       eqw      core     gfwhm     lfwhm
  3727.823  47.06379   9742.99     -207.   1027.59     8.907        0.
    center      cont      flux       eqw      core     gfwhm     lfwhm
  3869.297  27.80545   3451.28    -124.1   402.282      8.06        0.
  3889.121  27.42428   1414.36    -51.57   82.0372      16.2        0.
    center      cont      flux       eqw      core     gfwhm     lfwhm
  3968.779   23.0609   1878.09    -81.44   156.993     11.24        0.
    center      cont      flux       eqw      core     gfwhm     lfwhm
  4072.004  49.53682   1215.15    -24.53   42.9452     26.58        0.
   4102.51  49.02588   1049.24     -21.4   93.8519      10.5        0.
  4341.163  47.81427   2018.71    -42.22   170.166     11.14        0.
  4363.756  47.37021   1132.95    -23.92   68.6535      15.5        0.
    center      cont      flux       eqw      core     gfwhm     lfwhm
  4686.661  49.67986   1966.41    -39.58   112.573     16.41        0.
  4862.528  57.85398   4338.43    -74.99   363.098     11.22        0.
  4960.301  61.39357   14269.5    -232.4   1347.59     9.948        0.
  5008.302   40.0986   42286.4    -1055.    4027.9     9.863        0.
  6303.188  50.72525    3086.3    -60.84   133.914     21.65        0.
  6367.631  50.74262   1856.36    -36.58    67.443     25.86        0.
    center      cont      flux       eqw      core     gfwhm     lfwhm
  6564.212  73.34107   20578.3    -280.6   981.766     19.69        0.
  6586.698  72.18995   9860.61    -136.6   795.514     11.64        0.
  6719.077  71.59612    5423.3    -75.75   333.734     15.27        0.
  6734.174  72.25609   4337.64    -60.03   303.438     13.43        0.
    center      cont      flux       eqw      core     gfwhm     lfwhm
  7137.952  50.53178   2433.06    -48.15   103.616     22.06        0.
