
Jun  7 16:36 [MRK35.fit[*,1]]: 
    center      cont      flux       eqw      core     gfwhm     lfwhm

Jun  7 16:50 [MRK35n.fit[*,1]]: 
    center      cont      flux       eqw      core     gfwhm     lfwhm
  5116.226  138.9753   1104.12    -12.94
    center      cont      flux       eqw      core     gfwhm     lfwhm
  6564.721  111.6816   12696.7    -113.7   3029.37     3.937        0.
  3869.619  203.3843   1047.76    -5.152   405.464     2.428        0.
    center      cont      flux       eqw      core     gfwhm     lfwhm
  4009.445  439.6763  -7192.52     16.27
  5703.093  600.3652  -252686.     403.7
    center      cont      flux       eqw      core     gfwhm     lfwhm
  3889.709  163.7678   737.555    -4.504   315.456     2.196        0.
  3970.922  202.6273   402.226    -1.985   193.588     1.952        0.
  4102.754  172.4692   931.953    -5.404   401.565      2.18        0.
  4341.554  178.7862    1748.7    -9.781   703.215     2.336        0.
  4862.616  172.7392   3872.84    -22.42   1397.05     2.604        0.
  4960.292  204.4652   3506.45    -17.15   1239.22     2.658        0.
  5008.228  319.8003   10302.2    -32.21   3611.22      2.68        0.
  6549.886  129.7635   401.944    -3.098   113.346     3.331        0.
  6564.722  242.6218   11570.3    -47.69   2936.74     3.701        0.
  6585.303   142.031   1393.13    -9.809   361.913     3.616        0.
  6718.375  135.9259   1445.35    -10.63   370.447     3.665        0.

Jun 14 18:28 [MRK35n.fit[*,1]]: 
    center      cont      flux       eqw      core     gfwhm     lfwhm
  3869.605    96.678     1862.    -19.26    455.24     3.842        0.
  3889.745  90.28658   1176.63    -13.03   362.988     3.045        0.
  3970.802  74.36308    1128.2    -15.17   299.108     3.543        0.
  4102.765  77.03545   1537.65    -19.96   453.227     3.187        0.
  4341.544  84.82388    2308.4    -27.21   764.395     2.837        0.
  4862.626  92.24046   4383.97    -47.53   1447.37     2.845        0.
   4960.28   130.691   3976.62    -30.43    1287.2     2.902        0.
  5008.237  85.86784   11819.1    -137.6   3763.35      2.95        0.
  5877.336  93.91444    948.38     -10.1   150.948     5.902        0.
  6302.309  90.63798   646.078    -7.128   92.2646     6.578        0.
   6549.94  82.74949   866.959    -10.48   145.413     5.601        0.
  6564.721  79.07295    12994.    -164.3   3050.98     4.001        0.
  6585.338  86.84889   1893.36     -21.8   400.438     4.442        0.
  6718.366  86.20615   1910.83    -22.17   402.513      4.46        0.
  6732.831  93.13794   1443.43     -15.5   301.372     4.499        0.
  7137.763  87.81981   571.967    -6.513   92.3579     5.818        0.
  9071.427  77.33176    1084.6    -14.03   212.611     4.792        0.
