
Jun 20 21:10 [NGC4388n.fit[*,1]]: 
    center      cont      flux       eqw      core     gfwhm     lfwhm
  3869.271  2.379301   3681.02    -1547.   726.812     4.758        0.
  3869.268 -2.986335    3764.8     INDEF   725.729     4.873        0.
  3869.234  10.59918   3567.41    -336.6   727.462     4.607        0.
  3889.602  22.70931   752.056    -33.12   116.892     6.044        0.
  4341.317  33.56578    1966.7    -58.59   299.618     6.166        0.
  4363.968   35.7304   888.118    -24.86    134.16     6.219        0.
  3968.966  10.24286    1929.5    -188.4    200.85     9.025        0.
  4102.651  19.12474    1255.4    -65.64   159.378       7.4        0.
   4686.78   46.7559   1432.63    -30.64   203.183     6.624        0.
  4862.225  43.33836   4878.57    -112.6   727.196     6.302        0.
  4959.889  47.15319   18114.8    -384.2   3139.27     5.421        0.
  4959.896  42.41498   18155.1     -428.    3144.9     5.423        0.
    center      cont      flux       eqw      core     gfwhm     lfwhm
  5084.531  5032.424  -791979.     125.9
    center      cont      flux       eqw      core     gfwhm     lfwhm
  5007.821  40.86336   54820.9    -1342.   9517.06     5.411        0.
  6301.438  81.59709   4149.18    -50.85   471.998     8.258        0.
  6365.031  90.12277   1484.19    -16.47     151.9     9.179        0.
    center      cont      flux       eqw      core     gfwhm     lfwhm
  6549.498   89.5806   4914.98    -54.87   541.511     8.527        0.
  6564.134  93.94704   26326.8    -280.2   2960.44     8.354        0.
  6584.547   100.037   15222.6    -152.2   1449.08     9.869        0.
  6717.379  94.93524   7015.06    -73.89   836.806     7.875        0.
  6731.887  93.60569   8430.67    -90.07   804.171     9.849        0.
    center      cont      flux       eqw      core     gfwhm     lfwhm
  7137.719  90.53274   2452.68    -27.09   225.411     10.22        0.
    center      cont      flux       eqw      core     gfwhm     lfwhm
  7320.449  107.9119   277.683    -2.573   55.4646     4.703        0.
  7329.045  107.9119   2037.34    -18.88   93.6071     20.45        0.
    center      cont      flux       eqw      core     gfwhm     lfwhm
  9071.396  128.8341   7977.56    -61.92   657.683      11.4        0.
